# Logfile created on 2014-01-31 00:02:44 +0000 by logger.rb/41954
I, [2014-01-31T00:02:44.549027 #42442]  INFO -- : 0:  i18n (0.6.9) from /home/szines/.rvm/gems/ruby-2.0.0-p353/specifications/i18n-0.6.9.gemspec
I, [2014-01-31T00:02:44.549458 #42442]  INFO -- : 0:  multi_json (1.8.4) from /home/szines/.rvm/gems/ruby-2.0.0-p353/specifications/multi_json-1.8.4.gemspec
I, [2014-01-31T00:02:44.549741 #42442]  INFO -- : 0:  activesupport (3.2.16) from /home/szines/.rvm/gems/ruby-2.0.0-p353/specifications/activesupport-3.2.16.gemspec
I, [2014-01-31T00:02:44.550056 #42442]  INFO -- : 0:  handlebars-source (1.3.0) from /home/szines/.rvm/gems/ruby-2.0.0-p353/specifications/handlebars-source-1.3.0.gemspec
I, [2014-01-31T00:02:44.550346 #42442]  INFO -- : 0:  ember-source (1.4.0.beta.3) from /home/szines/.rvm/gems/ruby-2.0.0-p353/specifications/ember-source-1.4.0.beta.3.gemspec
I, [2014-01-31T00:02:44.574786 #42442]  INFO -- : 0:  execjs (1.4.0) from /home/szines/.rvm/gems/ruby-2.0.0-p353/specifications/execjs-1.4.0.gemspec
I, [2014-01-31T00:02:44.575215 #42442]  INFO -- : 0:  barber (0.4.2) from /home/szines/.rvm/gems/ruby-2.0.0-p353/specifications/barber-0.4.2.gemspec
I, [2014-01-31T00:02:44.575479 #42442]  INFO -- : 0:  emblem-source (0.3.11) from /home/szines/.rvm/gems/ruby-2.0.0-p353/specifications/emblem-source-0.3.11.gemspec
I, [2014-01-31T00:02:44.575746 #42442]  INFO -- : 0:  barber-emblem (0.1.1) from /home/szines/.rvm/gems/ruby-2.0.0-p353/specifications/barber-emblem-0.1.1.gemspec
I, [2014-01-31T00:02:44.576095 #42442]  INFO -- : 0:  sass (3.2.14) from /home/szines/.rvm/gems/ruby-2.0.0-p353/specifications/sass-3.2.14.gemspec
I, [2014-01-31T00:02:44.576443 #42442]  INFO -- : 0:  bootstrap-sass (3.1.0.0) from /home/szines/.rvm/gems/ruby-2.0.0-p353/specifications/bootstrap-sass-3.1.0.0.gemspec
I, [2014-01-31T00:02:44.576822 #42442]  INFO -- : 0:  bundler (1.5.1) from /home/szines/.rvm/gems/ruby-2.0.0-p353@global/specifications/bundler-1.5.1.gemspec
I, [2014-01-31T00:02:44.577293 #42442]  INFO -- : 0:  chunky_png (1.2.9) from /home/szines/.rvm/gems/ruby-2.0.0-p353/specifications/chunky_png-1.2.9.gemspec
I, [2014-01-31T00:02:44.577580 #42442]  INFO -- : 0:  coffee-script-source (1.7.0) from /home/szines/.rvm/gems/ruby-2.0.0-p353/specifications/coffee-script-source-1.7.0.gemspec
I, [2014-01-31T00:02:44.577836 #42442]  INFO -- : 0:  coffee-script (2.2.0) from /home/szines/.rvm/gems/ruby-2.0.0-p353/specifications/coffee-script-2.2.0.gemspec
I, [2014-01-31T00:02:44.578213 #42442]  INFO -- : 0:  fssm (0.2.10) from /home/szines/.rvm/gems/ruby-2.0.0-p353/specifications/fssm-0.2.10.gemspec
I, [2014-01-31T00:02:44.578501 #42442]  INFO -- : 0:  compass (0.12.2) from /home/szines/.rvm/gems/ruby-2.0.0-p353/specifications/compass-0.12.2.gemspec
I, [2014-01-31T00:02:44.578789 #42442]  INFO -- : 0:  eventmachine (1.0.3) from /home/szines/.rvm/gems/ruby-2.0.0-p353/specifications/eventmachine-1.0.3.gemspec
I, [2014-01-31T00:02:44.579078 #42442]  INFO -- : 0:  http_parser.rb (0.5.3) from /home/szines/.rvm/gems/ruby-2.0.0-p353/specifications/http_parser.rb-0.5.3.gemspec
I, [2014-01-31T00:02:44.579352 #42442]  INFO -- : 0:  em-websocket (0.5.0) from /home/szines/.rvm/gems/ruby-2.0.0-p353/specifications/em-websocket-0.5.0.gemspec
I, [2014-01-31T00:02:44.579622 #42442]  INFO -- : 0:  ember-data-source (1.0.0.beta.6) from /home/szines/.rvm/gems/ruby-2.0.0-p353/specifications/ember-data-source-1.0.0.beta.6.gemspec
I, [2014-01-31T00:02:44.579892 #42442]  INFO -- : 0:  rb-fsevent (0.9.4) from /home/szines/.rvm/gems/ruby-2.0.0-p353/specifications/rb-fsevent-0.9.4.gemspec
I, [2014-01-31T00:02:44.580201 #42442]  INFO -- : 0:  ffi (1.9.3) from /home/szines/.rvm/gems/ruby-2.0.0-p353/specifications/ffi-1.9.3.gemspec
I, [2014-01-31T00:02:44.580467 #42442]  INFO -- : 0:  rb-inotify (0.9.3) from /home/szines/.rvm/gems/ruby-2.0.0-p353/specifications/rb-inotify-0.9.3.gemspec
I, [2014-01-31T00:02:44.580729 #42442]  INFO -- : 0:  rb-kqueue (0.2.0) from /home/szines/.rvm/gems/ruby-2.0.0-p353/specifications/rb-kqueue-0.2.0.gemspec
I, [2014-01-31T00:02:44.580997 #42442]  INFO -- : 0:  listen (1.3.1) from /home/szines/.rvm/gems/ruby-2.0.0-p353/specifications/listen-1.3.1.gemspec
I, [2014-01-31T00:02:44.581301 #42442]  INFO -- : 0:  rack (1.5.2) from /home/szines/.rvm/gems/ruby-2.0.0-p353/specifications/rack-1.5.2.gemspec
I, [2014-01-31T00:02:44.581560 #42442]  INFO -- : 0:  rack-test (0.6.2) from /home/szines/.rvm/gems/ruby-2.0.0-p353/specifications/rack-test-0.6.2.gemspec
I, [2014-01-31T00:02:44.581822 #42442]  INFO -- : 0:  thor (0.18.1) from /home/szines/.rvm/gems/ruby-2.0.0-p353/specifications/thor-0.18.1.gemspec
I, [2014-01-31T00:02:44.582137 #42442]  INFO -- : 0:  tilt (1.4.1) from /home/szines/.rvm/gems/ruby-2.0.0-p353/specifications/tilt-1.4.1.gemspec
I, [2014-01-31T00:02:44.582435 #42442]  INFO -- : 0:  middleman-core (3.2.2) from /home/szines/.rvm/gems/ruby-2.0.0-p353/specifications/middleman-core-3.2.2.gemspec
I, [2014-01-31T00:02:44.582708 #42442]  INFO -- : 0:  middleman-more (3.1.6) from /home/szines/.rvm/gems/ruby-2.0.0-p353/specifications/middleman-more-3.1.6.gemspec
I, [2014-01-31T00:02:44.582967 #42442]  INFO -- : 0:  hike (1.2.3) from /home/szines/.rvm/gems/ruby-2.0.0-p353/specifications/hike-1.2.3.gemspec
I, [2014-01-31T00:02:44.583252 #42442]  INFO -- : 0:  sprockets (2.10.1) from /home/szines/.rvm/gems/ruby-2.0.0-p353/specifications/sprockets-2.10.1.gemspec
I, [2014-01-31T00:02:44.583510 #42442]  INFO -- : 0:  sprockets-helpers (1.0.1) from /home/szines/.rvm/gems/ruby-2.0.0-p353/specifications/sprockets-helpers-1.0.1.gemspec
I, [2014-01-31T00:02:44.583769 #42442]  INFO -- : 0:  sprockets-sass (1.0.2) from /home/szines/.rvm/gems/ruby-2.0.0-p353/specifications/sprockets-sass-1.0.2.gemspec
I, [2014-01-31T00:02:44.584093 #42442]  INFO -- : 0:  middleman-sprockets (3.2.0) from /home/szines/.rvm/gems/ruby-2.0.0-p353/specifications/middleman-sprockets-3.2.0.gemspec
I, [2014-01-31T00:02:44.584339 #42442]  INFO -- : 0:  ember-middleman (0.0.3) from /home/szines/.rvm/gems/ruby-2.0.0-p353/specifications/ember-middleman-0.0.3.gemspec
I, [2014-01-31T00:02:44.584588 #42442]  INFO -- : 0:  haml (4.0.5) from /home/szines/.rvm/gems/ruby-2.0.0-p353/specifications/haml-4.0.5.gemspec
I, [2014-01-31T00:02:44.584833 #42442]  INFO -- : 0:  jquery-source (2.0.0) from /home/szines/.rvm/gems/ruby-2.0.0-p353/specifications/jquery-source-2.0.0.gemspec
I, [2014-01-31T00:02:44.585122 #42442]  INFO -- : 0:  json (1.8.1) from /home/szines/.rvm/gems/ruby-2.0.0-p353/specifications/json-1.8.1.gemspec
I, [2014-01-31T00:02:44.585383 #42442]  INFO -- : 0:  kramdown (1.3.1) from /home/szines/.rvm/gems/ruby-2.0.0-p353/specifications/kramdown-1.3.1.gemspec
I, [2014-01-31T00:02:44.585627 #42442]  INFO -- : 0:  uglifier (2.4.0) from /home/szines/.rvm/gems/ruby-2.0.0-p353/specifications/uglifier-2.4.0.gemspec
I, [2014-01-31T00:02:44.585868 #42442]  INFO -- : 0:  middleman (3.2.2) from /home/szines/.rvm/gems/ruby-2.0.0-p353/specifications/middleman-3.2.2.gemspec
I, [2014-01-31T00:02:44.596960 #42442]  INFO -- : 0:  middleman-emblem (1.1.4) from /home/szines/.rvm/gems/ruby-2.0.0-p353/bundler/gems/middleman-emblem-d01f9ac1a7d2/middleman-emblem.gemspec
I, [2014-01-31T00:02:44.597308 #42442]  INFO -- : 0:  rack-livereload (0.3.15) from /home/szines/.rvm/gems/ruby-2.0.0-p353/specifications/rack-livereload-0.3.15.gemspec
I, [2014-01-31T00:02:44.597545 #42442]  INFO -- : 0:  middleman-livereload (3.1.1) from /home/szines/.rvm/gems/ruby-2.0.0-p353/specifications/middleman-livereload-3.1.1.gemspec
I, [2014-01-31T00:02:44.597785 #42442]  INFO -- : 0:  temple (0.6.7) from /home/szines/.rvm/gems/ruby-2.0.0-p353/specifications/temple-0.6.7.gemspec
I, [2014-01-31T00:02:44.598020 #42442]  INFO -- : 0:  slim (2.0.2) from /home/szines/.rvm/gems/ruby-2.0.0-p353/specifications/slim-2.0.2.gemspec
I, [2014-01-31T00:02:44.598268 #42442]  INFO -- : 0:  middleman-slim (0.1.1) from /home/szines/.rvm/gems/ruby-2.0.0-p353/specifications/middleman-slim-0.1.1.gemspec
I, [2014-02-01T12:20:06.151455 #18474]  INFO -- : 0:  i18n (0.6.9) from /home/szines/.rvm/gems/ruby-2.0.0-p353/specifications/i18n-0.6.9.gemspec
I, [2014-02-01T12:20:06.152152 #18474]  INFO -- : 0:  multi_json (1.8.4) from /home/szines/.rvm/gems/ruby-2.0.0-p353/specifications/multi_json-1.8.4.gemspec
I, [2014-02-01T12:20:06.152474 #18474]  INFO -- : 0:  activesupport (3.2.16) from /home/szines/.rvm/gems/ruby-2.0.0-p353/specifications/activesupport-3.2.16.gemspec
I, [2014-02-01T12:20:06.152788 #18474]  INFO -- : 0:  handlebars-source (1.3.0) from /home/szines/.rvm/gems/ruby-2.0.0-p353/specifications/handlebars-source-1.3.0.gemspec
I, [2014-02-01T12:20:06.153033 #18474]  INFO -- : 0:  ember-source (1.4.0.beta.4) from /home/szines/.rvm/gems/ruby-2.0.0-p353/specifications/ember-source-1.4.0.beta.4.gemspec
I, [2014-02-01T12:20:06.153260 #18474]  INFO -- : 0:  execjs (1.4.0) from /home/szines/.rvm/gems/ruby-2.0.0-p353/specifications/execjs-1.4.0.gemspec
I, [2014-02-01T12:20:06.153478 #18474]  INFO -- : 0:  barber (0.4.2) from /home/szines/.rvm/gems/ruby-2.0.0-p353/specifications/barber-0.4.2.gemspec
I, [2014-02-01T12:20:06.153736 #18474]  INFO -- : 0:  emblem-source (0.3.11) from /home/szines/.rvm/gems/ruby-2.0.0-p353/specifications/emblem-source-0.3.11.gemspec
I, [2014-02-01T12:20:06.153958 #18474]  INFO -- : 0:  barber-emblem (0.1.1) from /home/szines/.rvm/gems/ruby-2.0.0-p353/specifications/barber-emblem-0.1.1.gemspec
I, [2014-02-01T12:20:06.154174 #18474]  INFO -- : 0:  sass (3.2.14) from /home/szines/.rvm/gems/ruby-2.0.0-p353/specifications/sass-3.2.14.gemspec
I, [2014-02-01T12:20:06.154420 #18474]  INFO -- : 0:  bootstrap-sass (3.1.0.0) from /home/szines/.rvm/gems/ruby-2.0.0-p353/specifications/bootstrap-sass-3.1.0.0.gemspec
I, [2014-02-01T12:20:06.154667 #18474]  INFO -- : 0:  bundler (1.5.1) from /home/szines/.rvm/gems/ruby-2.0.0-p353@global/specifications/bundler-1.5.1.gemspec
I, [2014-02-01T12:20:06.154879 #18474]  INFO -- : 0:  chunky_png (1.2.9) from /home/szines/.rvm/gems/ruby-2.0.0-p353/specifications/chunky_png-1.2.9.gemspec
I, [2014-02-01T12:20:06.155106 #18474]  INFO -- : 0:  coffee-script-source (1.7.0) from /home/szines/.rvm/gems/ruby-2.0.0-p353/specifications/coffee-script-source-1.7.0.gemspec
I, [2014-02-01T12:20:06.155315 #18474]  INFO -- : 0:  coffee-script (2.2.0) from /home/szines/.rvm/gems/ruby-2.0.0-p353/specifications/coffee-script-2.2.0.gemspec
I, [2014-02-01T12:20:06.155528 #18474]  INFO -- : 0:  fssm (0.2.10) from /home/szines/.rvm/gems/ruby-2.0.0-p353/specifications/fssm-0.2.10.gemspec
I, [2014-02-01T12:20:06.155823 #18474]  INFO -- : 0:  compass (0.12.2) from /home/szines/.rvm/gems/ruby-2.0.0-p353/specifications/compass-0.12.2.gemspec
I, [2014-02-01T12:20:06.156047 #18474]  INFO -- : 0:  eventmachine (1.0.3) from /home/szines/.rvm/gems/ruby-2.0.0-p353/specifications/eventmachine-1.0.3.gemspec
I, [2014-02-01T12:20:06.156271 #18474]  INFO -- : 0:  http_parser.rb (0.5.3) from /home/szines/.rvm/gems/ruby-2.0.0-p353/specifications/http_parser.rb-0.5.3.gemspec
I, [2014-02-01T12:20:06.156485 #18474]  INFO -- : 0:  em-websocket (0.5.0) from /home/szines/.rvm/gems/ruby-2.0.0-p353/specifications/em-websocket-0.5.0.gemspec
I, [2014-02-01T12:20:06.156742 #18474]  INFO -- : 0:  ember-data-source (1.0.0.beta.6) from /home/szines/.rvm/gems/ruby-2.0.0-p353/specifications/ember-data-source-1.0.0.beta.6.gemspec
I, [2014-02-01T12:20:06.157002 #18474]  INFO -- : 0:  rb-fsevent (0.9.4) from /home/szines/.rvm/gems/ruby-2.0.0-p353/specifications/rb-fsevent-0.9.4.gemspec
I, [2014-02-01T12:20:06.157247 #18474]  INFO -- : 0:  ffi (1.9.3) from /home/szines/.rvm/gems/ruby-2.0.0-p353/specifications/ffi-1.9.3.gemspec
I, [2014-02-01T12:20:06.157497 #18474]  INFO -- : 0:  rb-inotify (0.9.3) from /home/szines/.rvm/gems/ruby-2.0.0-p353/specifications/rb-inotify-0.9.3.gemspec
I, [2014-02-01T12:20:06.157781 #18474]  INFO -- : 0:  rb-kqueue (0.2.0) from /home/szines/.rvm/gems/ruby-2.0.0-p353/specifications/rb-kqueue-0.2.0.gemspec
I, [2014-02-01T12:20:06.158037 #18474]  INFO -- : 0:  listen (1.3.1) from /home/szines/.rvm/gems/ruby-2.0.0-p353/specifications/listen-1.3.1.gemspec
I, [2014-02-01T12:20:06.158286 #18474]  INFO -- : 0:  rack (1.5.2) from /home/szines/.rvm/gems/ruby-2.0.0-p353/specifications/rack-1.5.2.gemspec
I, [2014-02-01T12:20:06.158550 #18474]  INFO -- : 0:  rack-test (0.6.2) from /home/szines/.rvm/gems/ruby-2.0.0-p353/specifications/rack-test-0.6.2.gemspec
I, [2014-02-01T12:20:06.158896 #18474]  INFO -- : 0:  thor (0.18.1) from /home/szines/.rvm/gems/ruby-2.0.0-p353/specifications/thor-0.18.1.gemspec
I, [2014-02-01T12:20:06.159150 #18474]  INFO -- : 0:  tilt (1.4.1) from /home/szines/.rvm/gems/ruby-2.0.0-p353/specifications/tilt-1.4.1.gemspec
I, [2014-02-01T12:20:06.159401 #18474]  INFO -- : 0:  middleman-core (3.2.2) from /home/szines/.rvm/gems/ruby-2.0.0-p353/specifications/middleman-core-3.2.2.gemspec
I, [2014-02-01T12:20:06.159712 #18474]  INFO -- : 0:  middleman-more (3.1.6) from /home/szines/.rvm/gems/ruby-2.0.0-p353/specifications/middleman-more-3.1.6.gemspec
I, [2014-02-01T12:20:06.159959 #18474]  INFO -- : 0:  hike (1.2.3) from /home/szines/.rvm/gems/ruby-2.0.0-p353/specifications/hike-1.2.3.gemspec
I, [2014-02-01T12:20:06.160208 #18474]  INFO -- : 0:  sprockets (2.10.1) from /home/szines/.rvm/gems/ruby-2.0.0-p353/specifications/sprockets-2.10.1.gemspec
I, [2014-02-01T12:20:06.160461 #18474]  INFO -- : 0:  sprockets-helpers (1.0.1) from /home/szines/.rvm/gems/ruby-2.0.0-p353/specifications/sprockets-helpers-1.0.1.gemspec
I, [2014-02-01T12:20:06.160744 #18474]  INFO -- : 0:  sprockets-sass (1.0.2) from /home/szines/.rvm/gems/ruby-2.0.0-p353/specifications/sprockets-sass-1.0.2.gemspec
I, [2014-02-01T12:20:06.160989 #18474]  INFO -- : 0:  middleman-sprockets (3.2.0) from /home/szines/.rvm/gems/ruby-2.0.0-p353/specifications/middleman-sprockets-3.2.0.gemspec
I, [2014-02-01T12:20:06.161234 #18474]  INFO -- : 0:  ember-middleman (0.0.3) from /home/szines/.rvm/gems/ruby-2.0.0-p353/specifications/ember-middleman-0.0.3.gemspec
I, [2014-02-01T12:20:06.161480 #18474]  INFO -- : 0:  haml (4.0.5) from /home/szines/.rvm/gems/ruby-2.0.0-p353/specifications/haml-4.0.5.gemspec
I, [2014-02-01T12:20:06.161774 #18474]  INFO -- : 0:  jquery-source (2.0.0) from /home/szines/.rvm/gems/ruby-2.0.0-p353/specifications/jquery-source-2.0.0.gemspec
I, [2014-02-01T12:20:06.162028 #18474]  INFO -- : 0:  json (1.8.1) from /home/szines/.rvm/gems/ruby-2.0.0-p353/specifications/json-1.8.1.gemspec
I, [2014-02-01T12:20:06.162267 #18474]  INFO -- : 0:  kramdown (1.3.1) from /home/szines/.rvm/gems/ruby-2.0.0-p353/specifications/kramdown-1.3.1.gemspec
I, [2014-02-01T12:20:06.162512 #18474]  INFO -- : 0:  uglifier (2.4.0) from /home/szines/.rvm/gems/ruby-2.0.0-p353/specifications/uglifier-2.4.0.gemspec
I, [2014-02-01T12:20:06.162791 #18474]  INFO -- : 0:  middleman (3.2.2) from /home/szines/.rvm/gems/ruby-2.0.0-p353/specifications/middleman-3.2.2.gemspec
I, [2014-02-01T12:20:06.173200 #18474]  INFO -- : 0:  middleman-emblem (1.1.4) from /home/szines/.rvm/gems/ruby-2.0.0-p353/bundler/gems/middleman-emblem-d01f9ac1a7d2/middleman-emblem.gemspec
I, [2014-02-01T12:20:06.173520 #18474]  INFO -- : 0:  rack-livereload (0.3.15) from /home/szines/.rvm/gems/ruby-2.0.0-p353/specifications/rack-livereload-0.3.15.gemspec
I, [2014-02-01T12:20:06.173836 #18474]  INFO -- : 0:  middleman-livereload (3.1.1) from /home/szines/.rvm/gems/ruby-2.0.0-p353/specifications/middleman-livereload-3.1.1.gemspec
I, [2014-02-01T12:20:06.174104 #18474]  INFO -- : 0:  temple (0.6.7) from /home/szines/.rvm/gems/ruby-2.0.0-p353/specifications/temple-0.6.7.gemspec
I, [2014-02-01T12:20:06.174349 #18474]  INFO -- : 0:  slim (2.0.2) from /home/szines/.rvm/gems/ruby-2.0.0-p353/specifications/slim-2.0.2.gemspec
I, [2014-02-01T12:20:06.174639 #18474]  INFO -- : 0:  middleman-slim (0.1.1) from /home/szines/.rvm/gems/ruby-2.0.0-p353/specifications/middleman-slim-0.1.1.gemspec
